2022-02-21 22:47:41,114 - __main__ - INFO - The API endpoint: https://api.laligafantasymarca.com/api/v3/player
2022-02-21 22:47:41,417 - py.warnings - WARNING - /home/jose/repositorisIES/pruebas_locales/futbolsdk/scrap/marca-fantasy-scraper/scraper.py:146: DeprecationWarning: The 'warn' method is deprecated, use 'warning' instead
  logger_.warn('Player with id=%s not found' % index)

2022-02-21 22:47:41,417 - __main__ - WARNING - Player with id=0 not found
2022-02-21 22:47:41,567 - __main__ - WARNING - Player with id=1 not found
2022-02-21 22:47:41,709 - __main__ - WARNING - Player with id=2 not found
2022-02-21 22:47:41,851 - __main__ - WARNING - Player with id=3 not found
2022-02-21 22:47:41,995 - __main__ - WARNING - Player with id=4 not found
2022-02-21 22:47:42,148 - __main__ - WARNING - Player with id=5 not found
2022-02-21 22:47:42,294 - __main__ - WARNING - Player with id=6 not found
2022-02-21 22:47:42,461 - __main__ - WARNING - Player with id=7 not found
2022-02-21 22:47:42,628 - __main__ - WARNING - Player with id=8 not found
2022-02-21 22:47:42,794 - __main__ - WARNING - Player with id=9 not found
2022-02-21 22:47:42,957 - __main__ - WARNING - Player with id=10 not found
2022-02-21 22:47:43,100 - __main__ - WARNING - Player with id=11 not found
2022-02-21 22:47:43,241 - __main__ - WARNING - Player with id=12 not found
2022-02-21 22:47:43,383 - __main__ - WARNING - Player with id=13 not found
2022-02-21 22:47:43,528 - __main__ - WARNING - Player with id=14 not found
2022-02-21 22:47:43,693 - __main__ - WARNING - Player with id=15 not found
2022-02-21 22:47:43,862 - __main__ - WARNING - Player with id=16 not found
2022-02-21 22:47:44,026 - __main__ - WARNING - Player with id=17 not found
2022-02-21 22:47:44,189 - __main__ - WARNING - Player with id=18 not found
2022-02-21 22:47:44,357 - __main__ - WARNING - Player with id=19 not found
2022-02-21 22:47:44,521 - __main__ - WARNING - Player with id=20 not found
2022-02-21 22:47:44,686 - __main__ - WARNING - Player with id=21 not found
2022-02-21 22:47:44,831 - __main__ - WARNING - Player with id=22 not found
2022-02-21 22:47:44,975 - __main__ - WARNING - Player with id=23 not found
2022-02-21 22:47:45,121 - __main__ - WARNING - Player with id=24 not found
2022-02-21 22:47:45,277 - __main__ - WARNING - Player with id=25 not found
2022-02-21 22:47:45,423 - __main__ - WARNING - Player with id=26 not found
2022-02-21 22:47:45,562 - __main__ - WARNING - Player with id=27 not found
2022-02-21 22:47:45,728 - __main__ - WARNING - Player with id=28 not found
2022-02-21 22:47:45,878 - __main__ - WARNING - Player with id=29 not found
2022-02-21 22:47:46,043 - __main__ - WARNING - Player with id=30 not found
2022-02-21 22:47:46,209 - __main__ - WARNING - Player with id=31 not found
2022-02-21 22:47:46,372 - __main__ - WARNING - Player with id=32 not found
2022-02-21 22:47:46,536 - __main__ - WARNING - Player with id=33 not found
2022-02-21 22:47:46,704 - __main__ - WARNING - Player with id=34 not found
2022-02-21 22:47:46,870 - __main__ - WARNING - Player with id=35 not found
2022-02-21 22:47:47,040 - __main__ - WARNING - Player with id=36 not found
2022-02-21 22:47:47,209 - __main__ - WARNING - Player with id=37 not found
2022-02-21 22:47:47,359 - __main__ - WARNING - Player with id=38 not found
2022-02-21 22:47:47,504 - __main__ - WARNING - Player with id=39 not found
2022-02-21 22:47:47,652 - __main__ - WARNING - Player with id=40 not found
2022-02-21 22:47:47,803 - __main__ - WARNING - Player with id=41 not found
2022-02-21 22:47:47,952 - __main__ - WARNING - Player with id=42 not found
2022-02-21 22:47:48,099 - __main__ - WARNING - Player with id=43 not found
2022-02-21 22:47:48,250 - __main__ - WARNING - Player with id=44 not found
2022-02-21 22:47:48,399 - __main__ - WARNING - Player with id=45 not found
2022-02-21 22:47:48,565 - __main__ - WARNING - Player with id=46 not found
2022-02-21 22:47:48,728 - __main__ - WARNING - Player with id=47 not found
2022-02-21 22:47:48,896 - __main__ - WARNING - Player with id=48 not found
2022-02-21 22:47:49,061 - __main__ - WARNING - Player with id=49 not found
2022-02-21 22:47:49,229 - __main__ - WARNING - Player with id=50 not found
2022-02-21 22:47:49,393 - __main__ - WARNING - Player with id=51 not found
2022-02-21 22:47:49,560 - __main__ - WARNING - Player with id=52 not found
2022-02-21 22:47:49,763 - __main__ - INFO - Scraped player with id=53
2022-02-21 22:47:49,910 - __main__ - WARNING - Player with id=54 not found
2022-02-21 22:47:50,086 - __main__ - INFO - Scraped player with id=55
2022-02-21 22:47:50,261 - __main__ - INFO - Scraped player with id=56
2022-02-21 22:47:50,411 - __main__ - WARNING - Player with id=57 not found
2022-02-21 22:47:50,595 - __main__ - INFO - Scraped player with id=58
2022-02-21 22:47:50,773 - __main__ - INFO - Scraped player with id=59
2022-02-21 22:47:50,936 - __main__ - WARNING - Player with id=60 not found
2022-02-21 22:47:51,119 - __main__ - INFO - Scraped player with id=61
2022-02-21 22:47:51,290 - __main__ - WARNING - Player with id=62 not in LaLiga anymore
2022-02-21 22:47:51,457 - __main__ - WARNING - Player with id=63 not found
2022-02-21 22:47:51,620 - __main__ - WARNING - Player with id=64 not found
2022-02-21 22:47:51,814 - __main__ - INFO - Scraped player with id=65
2022-02-21 22:47:51,988 - __main__ - WARNING - Player with id=66 not found
2022-02-21 22:47:52,179 - __main__ - INFO - Scraped player with id=67
2022-02-21 22:47:52,358 - __main__ - INFO - Scraped player with id=68
2022-02-21 22:47:52,508 - __main__ - WARNING - Player with id=69 not found
2022-02-21 22:47:52,661 - __main__ - WARNING - Player with id=70 not found
2022-02-21 22:47:52,861 - __main__ - INFO - Scraped player with id=71
2022-02-21 22:47:53,065 - __main__ - INFO - Scraped player with id=72
2022-02-21 22:47:53,268 - __main__ - INFO - Scraped player with id=73
2022-02-21 22:47:53,416 - __main__ - INFO - Scraped player with id=74
2022-02-21 22:47:53,583 - __main__ - INFO - Scraped player with id=75
2022-02-21 22:47:53,710 - __main__ - WARNING - Player with id=76 not found
2022-02-21 22:47:53,882 - __main__ - INFO - Scraped player with id=77
2022-02-21 22:47:54,079 - __main__ - INFO - Scraped player with id=78
2022-02-21 22:47:54,255 - __main__ - INFO - Scraped player with id=79
2022-02-21 22:47:54,467 - __main__ - INFO - Scraped player with id=80
2022-02-21 22:47:54,647 - __main__ - INFO - Scraped player with id=81
2022-02-21 22:47:54,819 - __main__ - INFO - Scraped player with id=82
2022-02-21 22:47:54,965 - __main__ - WARNING - Player with id=83 not found
2022-02-21 22:47:55,098 - __main__ - WARNING - Player with id=84 not in LaLiga anymore
2022-02-21 22:47:55,229 - __main__ - WARNING - Player with id=85 not found
2022-02-21 22:47:55,392 - __main__ - INFO - Scraped player with id=86
2022-02-21 22:47:55,516 - __main__ - WARNING - Player with id=87 not found
2022-02-21 22:47:55,643 - __main__ - WARNING - Player with id=88 not found
2022-02-21 22:47:55,773 - __main__ - WARNING - Player with id=89 not found
2022-02-21 22:47:55,913 - __main__ - INFO - Scraped player with id=90
2022-02-21 22:47:56,074 - __main__ - INFO - Scraped player with id=91
2022-02-21 22:47:56,257 - __main__ - INFO - Scraped player with id=92
2022-02-21 22:47:56,435 - __main__ - INFO - Scraped player with id=93
2022-02-21 22:47:56,608 - __main__ - INFO - Scraped player with id=94
2022-02-21 22:47:56,765 - __main__ - INFO - Scraped player with id=95
2022-02-21 22:47:56,900 - __main__ - WARNING - Player with id=96 not found
2022-02-21 22:47:57,057 - __main__ - INFO - Scraped player with id=97
2022-02-21 22:47:57,214 - __main__ - INFO - Scraped player with id=98
2022-02-21 22:47:57,390 - __main__ - INFO - Scraped player with id=99
2022-02-21 22:47:57,537 - __main__ - WARNING - Player with id=100 not found
2022-02-21 22:47:57,684 - __main__ - WARNING - Player with id=101 not found
2022-02-21 22:47:57,863 - __main__ - INFO - Scraped player with id=102
2022-02-21 22:47:58,014 - __main__ - WARNING - Player with id=103 not found
2022-02-21 22:47:58,157 - __main__ - WARNING - Player with id=104 not found
2022-02-21 22:47:58,301 - __main__ - WARNING - Player with id=105 not found
2022-02-21 22:47:58,450 - __main__ - WARNING - Player with id=106 not found
2022-02-21 22:47:58,606 - __main__ - INFO - Scraped player with id=107
2022-02-21 22:47:58,730 - __main__ - WARNING - Player with id=108 not found
2022-02-21 22:47:58,883 - __main__ - INFO - Scraped player with id=109
2022-02-21 22:47:59,014 - __main__ - WARNING - Player with id=110 not found
2022-02-21 22:47:59,153 - __main__ - WARNING - Player with id=111 not in LaLiga anymore
2022-02-21 22:47:59,298 - __main__ - INFO - Scraped player with id=112
2022-02-21 22:47:59,429 - __main__ - WARNING - Player with id=113 not found
2022-02-21 22:47:59,609 - __main__ - INFO - Scraped player with id=114
2022-02-21 22:47:59,775 - __main__ - INFO - Scraped player with id=115
2022-02-21 22:47:59,924 - __main__ - WARNING - Player with id=116 not found
2022-02-21 22:48:00,066 - __main__ - WARNING - Player with id=117 not found
2022-02-21 22:48:00,242 - __main__ - INFO - Scraped player with id=118
2022-02-21 22:48:00,393 - __main__ - WARNING - Player with id=119 not in LaLiga anymore
2022-02-21 22:48:00,543 - __main__ - WARNING - Player with id=120 not found
2022-02-21 22:48:00,724 - __main__ - INFO - Scraped player with id=121
2022-02-21 22:48:00,856 - __main__ - WARNING - Player with id=122 not in LaLiga anymore
2022-02-21 22:48:00,985 - __main__ - WARNING - Player with id=123 not found
2022-02-21 22:48:01,146 - __main__ - INFO - Scraped player with id=124
2022-02-21 22:48:01,310 - __main__ - INFO - Scraped player with id=125
2022-02-21 22:48:01,438 - __main__ - WARNING - Player with id=126 not found
2022-02-21 22:48:01,602 - __main__ - INFO - Scraped player with id=127
2022-02-21 22:48:01,761 - __main__ - INFO - Scraped player with id=128
2022-02-21 22:48:01,910 - __main__ - WARNING - Player with id=129 not found
2022-02-21 22:48:02,059 - __main__ - WARNING - Player with id=130 not found
2022-02-21 22:48:02,252 - __main__ - INFO - Scraped player with id=131
2022-02-21 22:48:02,430 - __main__ - INFO - Scraped player with id=132
2022-02-21 22:48:02,623 - __main__ - INFO - Scraped player with id=133
2022-02-21 22:48:02,769 - __main__ - WARNING - Player with id=134 not found
2022-02-21 22:48:02,956 - __main__ - INFO - Scraped player with id=135
2022-02-21 22:48:03,138 - __main__ - INFO - Scraped player with id=136
2022-02-21 22:48:03,266 - __main__ - WARNING - Player with id=137 not found
2022-02-21 22:48:03,466 - __main__ - INFO - Scraped player with id=138
2022-02-21 22:48:03,595 - __main__ - WARNING - Player with id=139 not found
2022-02-21 22:48:03,743 - __main__ - WARNING - Player with id=140 not in LaLiga anymore
2022-02-21 22:48:03,877 - __main__ - WARNING - Player with id=141 not found
2022-02-21 22:48:04,001 - __main__ - WARNING - Player with id=142 not found
2022-02-21 22:48:04,162 - __main__ - INFO - Scraped player with id=143
2022-02-21 22:48:04,291 - __main__ - WARNING - Player with id=144 not found
2022-02-21 22:48:04,438 - __main__ - WARNING - Player with id=145 not found
2022-02-21 22:48:04,626 - __main__ - INFO - Scraped player with id=146
2022-02-21 22:48:04,818 - __main__ - INFO - Scraped player with id=147
2022-02-21 22:48:05,011 - __main__ - INFO - Scraped player with id=148
2022-02-21 22:48:05,160 - __main__ - WARNING - Player with id=149 not found
2022-02-21 22:48:05,341 - __main__ - INFO - Scraped player with id=150
2022-02-21 22:48:05,470 - __main__ - WARNING - Player with id=151 not found
2022-02-21 22:48:05,600 - __main__ - WARNING - Player with id=152 not found
2022-02-21 22:48:05,725 - __main__ - WARNING - Player with id=153 not found
2022-02-21 22:48:05,850 - __main__ - WARNING - Player with id=154 not found
2022-02-21 22:48:05,996 - __main__ - WARNING - Player with id=155 not found
2022-02-21 22:48:06,150 - __main__ - WARNING - Player with id=156 not found
2022-02-21 22:48:06,299 - __main__ - WARNING - Player with id=157 not found
2022-02-21 22:48:06,448 - __main__ - WARNING - Player with id=158 not found
2022-02-21 22:48:06,611 - __main__ - INFO - Scraped player with id=159
2022-02-21 22:48:06,772 - __main__ - INFO - Scraped player with id=160
2022-02-21 22:48:06,899 - __main__ - WARNING - Player with id=161 not found
2022-02-21 22:48:07,025 - __main__ - WARNING - Player with id=162 not found
2022-02-21 22:48:07,155 - __main__ - WARNING - Player with id=163 not found
2022-02-21 22:48:07,286 - __main__ - WARNING - Player with id=164 not found
2022-02-21 22:48:07,476 - __main__ - WARNING - Player with id=165 not found
2022-02-21 22:48:07,638 - __main__ - INFO - Scraped player with id=166
2022-02-21 22:48:07,787 - __main__ - WARNING - Player with id=167 not found
2022-02-21 22:48:07,941 - __main__ - WARNING - Player with id=168 not found
2022-02-21 22:48:08,088 - __main__ - WARNING - Player with id=169 not found
2022-02-21 22:48:08,266 - __main__ - WARNING - Player with id=170 not found
2022-02-21 22:48:08,412 - __main__ - WARNING - Player with id=171 not found
2022-02-21 22:48:08,556 - __main__ - WARNING - Player with id=172 not found
2022-02-21 22:48:08,686 - __main__ - WARNING - Player with id=173 not found
2022-02-21 22:48:08,815 - __main__ - WARNING - Player with id=174 not found
2022-02-21 22:48:08,946 - __main__ - WARNING - Player with id=175 not found
2022-02-21 22:48:09,074 - __main__ - WARNING - Player with id=176 not found
2022-02-21 22:48:09,206 - __main__ - WARNING - Player with id=177 not found
2022-02-21 22:48:09,331 - __main__ - WARNING - Player with id=178 not found
2022-02-21 22:48:09,503 - __main__ - INFO - Scraped player with id=179
2022-02-21 22:48:09,634 - __main__ - WARNING - Player with id=180 not found
2022-02-21 22:48:09,784 - __main__ - WARNING - Player with id=181 not found
2022-02-21 22:48:09,933 - __main__ - WARNING - Player with id=182 not found
2022-02-21 22:48:10,078 - __main__ - WARNING - Player with id=183 not found
2022-02-21 22:48:10,268 - __main__ - INFO - Scraped player with id=184
2022-02-21 22:48:10,419 - __main__ - WARNING - Player with id=185 not found
2022-02-21 22:48:10,559 - __main__ - WARNING - Player with id=186 not found
2022-02-21 22:48:10,736 - __main__ - INFO - Scraped player with id=187
2022-02-21 22:48:10,877 - __main__ - WARNING - Player with id=188 not found
2022-02-21 22:48:11,000 - __main__ - WARNING - Player with id=189 not found
2022-02-21 22:48:11,166 - __main__ - INFO - Scraped player with id=190
2022-02-21 22:48:11,295 - __main__ - WARNING - Player with id=191 not found
2022-02-21 22:48:11,453 - __main__ - INFO - Scraped player with id=192
2022-02-21 22:48:11,608 - __main__ - INFO - Scraped player with id=193
2022-02-21 22:48:11,739 - __main__ - WARNING - Player with id=194 not found
2022-02-21 22:48:11,865 - __main__ - WARNING - Player with id=195 not found
2022-02-21 22:48:11,994 - __main__ - WARNING - Player with id=196 not found
2022-02-21 22:48:12,198 - __main__ - INFO - Scraped player with id=197
2022-02-21 22:48:12,470 - __main__ - WARNING - Player with id=198 not found
2022-02-21 22:48:12,624 - __main__ - WARNING - Player with id=199 not found
2022-02-21 22:48:12,805 - __main__ - INFO - Scraped player with id=200
2022-02-21 22:48:12,994 - __main__ - INFO - Scraped player with id=201
2022-02-21 22:48:13,137 - __main__ - WARNING - Player with id=202 not found
2022-02-21 22:48:13,282 - __main__ - WARNING - Player with id=203 not found
2022-02-21 22:48:13,458 - __main__ - INFO - Scraped player with id=204
2022-02-21 22:48:13,584 - __main__ - WARNING - Player with id=205 not found
2022-02-21 22:48:13,710 - __main__ - WARNING - Player with id=206 not found
2022-02-21 22:48:13,879 - __main__ - INFO - Scraped player with id=207
2022-02-21 22:48:14,006 - __main__ - WARNING - Player with id=208 not found
2022-02-21 22:48:14,133 - __main__ - WARNING - Player with id=209 not found
2022-02-21 22:48:14,260 - __main__ - WARNING - Player with id=210 not found
2022-02-21 22:48:14,419 - __main__ - INFO - Scraped player with id=211
2022-02-21 22:48:14,579 - __main__ - INFO - Scraped player with id=212
2022-02-21 22:48:14,741 - __main__ - INFO - Scraped player with id=213
2022-02-21 22:48:14,889 - __main__ - WARNING - Player with id=214 not found
2022-02-21 22:48:15,059 - __main__ - INFO - Scraped player with id=215
2022-02-21 22:48:15,233 - __main__ - INFO - Scraped player with id=216
2022-02-21 22:48:15,406 - __main__ - INFO - Scraped player with id=217
2022-02-21 22:48:15,573 - __main__ - INFO - Scraped player with id=218
2022-02-21 22:48:15,701 - __main__ - WARNING - Player with id=219 not found
2022-02-21 22:48:15,824 - __main__ - WARNING - Player with id=220 not found
2022-02-21 22:48:15,973 - __main__ - WARNING - Player with id=221 not found
2022-02-21 22:48:16,149 - __main__ - INFO - Scraped player with id=222
2022-02-21 22:48:16,296 - __main__ - WARNING - Player with id=223 not found
2022-02-21 22:48:16,445 - __main__ - WARNING - Player with id=224 not in LaLiga anymore
2022-02-21 22:48:16,587 - __main__ - WARNING - Player with id=225 not found
2022-02-21 22:48:16,767 - __main__ - INFO - Scraped player with id=226
2022-02-21 22:48:16,914 - __main__ - WARNING - Player with id=227 not found
2022-02-21 22:48:17,088 - __main__ - INFO - Scraped player with id=228
2022-02-21 22:48:17,212 - __main__ - WARNING - Player with id=229 not found
2022-02-21 22:48:17,374 - __main__ - INFO - Scraped player with id=230
2022-02-21 22:48:17,524 - __main__ - INFO - Scraped player with id=231
2022-02-21 22:48:17,680 - __main__ - INFO - Scraped player with id=232
2022-02-21 22:48:17,806 - __main__ - WARNING - Player with id=233 not found
2022-02-21 22:48:17,931 - __main__ - WARNING - Player with id=234 not found
2022-02-21 22:48:18,112 - __main__ - WARNING - Player with id=235 not in LaLiga anymore
2022-02-21 22:48:18,287 - __main__ - INFO - Scraped player with id=236
2022-02-21 22:48:18,432 - __main__ - WARNING - Player with id=237 not found
2022-02-21 22:48:18,605 - __main__ - INFO - Scraped player with id=238
2022-02-21 22:48:18,759 - __main__ - WARNING - Player with id=239 not found
2022-02-21 22:48:18,943 - __main__ - INFO - Scraped player with id=240
2022-02-21 22:48:19,096 - __main__ - WARNING - Player with id=241 not found
2022-02-21 22:48:19,277 - __main__ - INFO - Scraped player with id=242
2022-02-21 22:48:19,476 - __main__ - INFO - Scraped player with id=243
2022-02-21 22:48:19,652 - __main__ - INFO - Scraped player with id=244
2022-02-21 22:48:19,813 - __main__ - INFO - Scraped player with id=245
2022-02-21 22:48:19,971 - __main__ - INFO - Scraped player with id=246
2022-02-21 22:48:20,161 - __main__ - INFO - Scraped player with id=247
2022-02-21 22:48:20,307 - __main__ - INFO - Scraped player with id=248
2022-02-21 22:48:20,438 - __main__ - WARNING - Player with id=249 not found
2022-02-21 22:48:20,593 - __main__ - INFO - Scraped player with id=250
2022-02-21 22:48:20,721 - __main__ - WARNING - Player with id=251 not found
2022-02-21 22:48:20,849 - __main__ - WARNING - Player with id=252 not found
2022-02-21 22:48:20,997 - __main__ - WARNING - Player with id=253 not found
2022-02-21 22:48:21,139 - __main__ - WARNING - Player with id=254 not found
2022-02-21 22:48:21,328 - __main__ - INFO - Scraped player with id=255
2022-02-21 22:48:21,471 - __main__ - WARNING - Player with id=256 not found
2022-02-21 22:48:21,647 - __main__ - INFO - Scraped player with id=257
2022-02-21 22:48:21,828 - __main__ - INFO - Scraped player with id=258
2022-02-21 22:48:22,002 - __main__ - INFO - Scraped player with id=259
2022-02-21 22:48:22,177 - __main__ - INFO - Scraped player with id=260
2022-02-21 22:48:22,305 - __main__ - WARNING - Player with id=261 not found
2022-02-21 22:48:22,434 - __main__ - WARNING - Player with id=262 not found
2022-02-21 22:48:22,561 - __main__ - WARNING - Player with id=263 not found
2022-02-21 22:48:22,708 - __main__ - INFO - Scraped player with id=264
2022-02-21 22:48:22,872 - __main__ - INFO - Scraped player with id=265
2022-02-21 22:48:23,002 - __main__ - WARNING - Player with id=266 not in LaLiga anymore
2022-02-21 22:48:23,136 - __main__ - WARNING - Player with id=267 not found
2022-02-21 22:48:23,316 - __main__ - INFO - Scraped player with id=268
2022-02-21 22:48:23,477 - __main__ - INFO - Scraped player with id=269
2022-02-21 22:48:23,661 - __main__ - INFO - Scraped player with id=270
2022-02-21 22:48:23,841 - __main__ - INFO - Scraped player with id=271
2022-02-21 22:48:23,998 - __main__ - WARNING - Player with id=272 not found
2022-02-21 22:48:24,150 - __main__ - WARNING - Player with id=273 not found
2022-02-21 22:48:24,332 - __main__ - INFO - Scraped player with id=274
2022-02-21 22:48:24,521 - __main__ - INFO - Scraped player with id=275
2022-02-21 22:48:24,648 - __main__ - WARNING - Player with id=276 not found
2022-02-21 22:48:24,774 - __main__ - WARNING - Player with id=277 not found
2022-02-21 22:48:24,904 - __main__ - WARNING - Player with id=278 not found
2022-02-21 22:48:25,031 - __main__ - WARNING - Player with id=279 not found
2022-02-21 22:48:25,176 - __main__ - WARNING - Player with id=280 not found
2022-02-21 22:48:25,338 - __main__ - WARNING - Player with id=281 not found
2022-02-21 22:48:25,485 - __main__ - WARNING - Player with id=282 not found
2022-02-21 22:48:25,646 - __main__ - INFO - Scraped player with id=283
2022-02-21 22:48:25,799 - __main__ - INFO - Scraped player with id=284
2022-02-21 22:48:25,925 - __main__ - WARNING - Player with id=285 not found
2022-02-21 22:48:26,051 - __main__ - WARNING - Player with id=286 not found
2022-02-21 22:48:26,295 - __main__ - WARNING - Player with id=287 not found
2022-02-21 22:48:26,421 - __main__ - WARNING - Player with id=288 not found
2022-02-21 22:48:26,545 - __main__ - WARNING - Player with id=289 not found
2022-02-21 22:48:26,687 - __main__ - WARNING - Player with id=290 not found
2022-02-21 22:48:26,832 - __main__ - WARNING - Player with id=291 not found
2022-02-21 22:48:26,978 - __main__ - WARNING - Player with id=292 not found
2022-02-21 22:48:27,166 - __main__ - INFO - Scraped player with id=293
2022-02-21 22:48:27,351 - __main__ - INFO - Scraped player with id=294
2022-02-21 22:48:27,499 - __main__ - WARNING - Player with id=295 not found
2022-02-21 22:48:27,694 - __main__ - INFO - Scraped player with id=296
2022-02-21 22:48:27,841 - __main__ - WARNING - Player with id=297 not found
2022-02-21 22:48:28,018 - __main__ - INFO - Scraped player with id=298
2022-02-21 22:48:28,155 - __main__ - WARNING - Player with id=299 not in LaLiga anymore
2022-02-21 22:48:28,315 - __main__ - INFO - Scraped player with id=300
2022-02-21 22:48:28,470 - __main__ - INFO - Scraped player with id=301
2022-02-21 22:48:28,622 - __main__ - INFO - Scraped player with id=302
2022-02-21 22:48:28,748 - __main__ - WARNING - Player with id=303 not found
2022-02-21 22:48:28,906 - __main__ - INFO - Scraped player with id=304
2022-02-21 22:48:29,056 - __main__ - INFO - Scraped player with id=305
2022-02-21 22:48:29,232 - __main__ - INFO - Scraped player with id=306
2022-02-21 22:48:29,395 - __main__ - INFO - Scraped player with id=307
2022-02-21 22:48:29,593 - __main__ - INFO - Scraped player with id=308
2022-02-21 22:48:29,769 - __main__ - INFO - Scraped player with id=309
2022-02-21 22:48:29,947 - __main__ - INFO - Scraped player with id=310
2022-02-21 22:48:30,125 - __main__ - INFO - Scraped player with id=311
2022-02-21 22:48:30,278 - __main__ - WARNING - Player with id=312 not in LaLiga anymore
2022-02-21 22:48:30,458 - __main__ - INFO - Scraped player with id=313
2022-02-21 22:48:30,610 - __main__ - WARNING - Player with id=314 not found
2022-02-21 22:48:30,741 - __main__ - WARNING - Player with id=315 not found
2022-02-21 22:48:30,867 - __main__ - WARNING - Player with id=316 not found
2022-02-21 22:48:31,022 - __main__ - INFO - Scraped player with id=317
2022-02-21 22:48:31,150 - __main__ - WARNING - Player with id=318 not found
2022-02-21 22:48:31,302 - __main__ - INFO - Scraped player with id=319
2022-02-21 22:48:31,427 - __main__ - WARNING - Player with id=320 not found
2022-02-21 22:48:31,556 - __main__ - WARNING - Player with id=321 not found
2022-02-21 22:48:31,707 - __main__ - WARNING - Player with id=322 not found
2022-02-21 22:48:31,852 - __main__ - WARNING - Player with id=323 not found
2022-02-21 22:48:32,002 - __main__ - WARNING - Player with id=324 not found
2022-02-21 22:48:32,146 - __main__ - WARNING - Player with id=325 not found
2022-02-21 22:48:32,292 - __main__ - WARNING - Player with id=326 not found
2022-02-21 22:48:32,442 - __main__ - WARNING - Player with id=327 not found
2022-02-21 22:48:32,569 - __main__ - WARNING - Player with id=328 not found
2022-02-21 22:48:32,695 - __main__ - WARNING - Player with id=329 not found
2022-02-21 22:48:32,823 - __main__ - WARNING - Player with id=330 not found
2022-02-21 22:48:32,947 - __main__ - WARNING - Player with id=331 not found
2022-02-21 22:48:33,073 - __main__ - WARNING - Player with id=332 not found
2022-02-21 22:48:33,201 - __main__ - WARNING - Player with id=333 not found
2022-02-21 22:48:33,384 - __main__ - INFO - Scraped player with id=334
2022-02-21 22:48:33,514 - __main__ - WARNING - Player with id=335 not found
2022-02-21 22:48:33,660 - __main__ - WARNING - Player with id=336 not found
2022-02-21 22:48:33,805 - __main__ - WARNING - Player with id=337 not found
2022-02-21 22:48:33,951 - __main__ - WARNING - Player with id=338 not found
2022-02-21 22:48:34,136 - __main__ - INFO - Scraped player with id=339
2022-02-21 22:48:34,259 - __main__ - WARNING - Player with id=340 not found
2022-02-21 22:48:34,422 - __main__ - INFO - Scraped player with id=341
2022-02-21 22:48:34,551 - __main__ - WARNING - Player with id=342 not found
2022-02-21 22:48:34,730 - __main__ - INFO - Scraped player with id=343
2022-02-21 22:48:34,907 - __main__ - INFO - Scraped player with id=344
2022-02-21 22:48:35,057 - __main__ - WARNING - Player with id=345 not found
2022-02-21 22:48:35,204 - __main__ - WARNING - Player with id=346 not in LaLiga anymore
2022-02-21 22:48:35,369 - __main__ - WARNING - Player with id=347 not found
2022-02-21 22:48:35,560 - __main__ - INFO - Scraped player with id=348
2022-02-21 22:48:35,703 - __main__ - WARNING - Player with id=349 not found
2022-02-21 22:48:35,870 - __main__ - INFO - Scraped player with id=350
2022-02-21 22:48:35,997 - __main__ - WARNING - Player with id=351 not found
2022-02-21 22:48:36,126 - __main__ - WARNING - Player with id=352 not found
2022-02-21 22:48:36,288 - __main__ - INFO - Scraped player with id=353
2022-02-21 22:48:36,412 - __main__ - WARNING - Player with id=354 not found
2022-02-21 22:48:36,542 - __main__ - WARNING - Player with id=355 not found
2022-02-21 22:48:36,687 - __main__ - INFO - Scraped player with id=356
2022-02-21 22:48:36,882 - __main__ - INFO - Scraped player with id=357
2022-02-21 22:48:37,019 - __main__ - WARNING - Player with id=358 not found
2022-02-21 22:48:37,167 - __main__ - WARNING - Player with id=359 not found
2022-02-21 22:48:37,346 - __main__ - INFO - Scraped player with id=360
2022-02-21 22:48:37,492 - __main__ - WARNING - Player with id=361 not found
2022-02-21 22:48:37,754 - __main__ - INFO - Scraped player with id=362
2022-02-21 22:48:37,900 - __main__ - WARNING - Player with id=363 not found
2022-02-21 22:48:38,045 - __main__ - WARNING - Player with id=364 not found
2022-02-21 22:48:38,218 - __main__ - INFO - Scraped player with id=365
2022-02-21 22:48:38,370 - __main__ - WARNING - Player with id=366 not in LaLiga anymore
2022-02-21 22:48:38,520 - __main__ - WARNING - Player with id=367 not in LaLiga anymore
2022-02-21 22:48:38,710 - __main__ - INFO - Scraped player with id=368
2022-02-21 22:48:38,878 - __main__ - INFO - Scraped player with id=369
2022-02-21 22:48:39,031 - __main__ - WARNING - Player with id=370 not found
2022-02-21 22:48:39,225 - __main__ - INFO - Scraped player with id=371
2022-02-21 22:48:39,391 - __main__ - WARNING - Player with id=372 not found
2022-02-21 22:48:39,558 - __main__ - WARNING - Player with id=373 not found
2022-02-21 22:48:39,758 - __main__ - INFO - Scraped player with id=374
2022-02-21 22:48:39,931 - __main__ - WARNING - Player with id=375 not found
2022-02-21 22:48:40,095 - __main__ - WARNING - Player with id=376 not found
2022-02-21 22:48:40,259 - __main__ - WARNING - Player with id=377 not found
2022-02-21 22:48:40,449 - __main__ - INFO - Scraped player with id=378
2022-02-21 22:48:40,595 - __main__ - WARNING - Player with id=379 not found
2022-02-21 22:48:40,740 - __main__ - WARNING - Player with id=380 not found
2022-02-21 22:48:40,886 - __main__ - WARNING - Player with id=381 not found
2022-02-21 22:48:41,032 - __main__ - WARNING - Player with id=382 not found
2022-02-21 22:48:41,157 - __main__ - WARNING - Player with id=383 not found
2022-02-21 22:48:41,285 - __main__ - WARNING - Player with id=384 not found
2022-02-21 22:48:41,410 - __main__ - WARNING - Player with id=385 not found
2022-02-21 22:48:41,537 - __main__ - WARNING - Player with id=386 not found
2022-02-21 22:48:41,678 - __main__ - WARNING - Player with id=387 not in LaLiga anymore
2022-02-21 22:48:41,810 - __main__ - WARNING - Player with id=388 not found
2022-02-21 22:48:41,938 - __main__ - WARNING - Player with id=389 not found
2022-02-21 22:48:42,065 - __main__ - WARNING - Player with id=390 not found
2022-02-21 22:48:42,217 - __main__ - WARNING - Player with id=391 not found
2022-02-21 22:48:42,360 - __main__ - WARNING - Player with id=392 not found
2022-02-21 22:48:42,517 - __main__ - WARNING - Player with id=393 not found
2022-02-21 22:48:42,662 - __main__ - WARNING - Player with id=394 not found
2022-02-21 22:48:42,812 - __main__ - WARNING - Player with id=395 not found
2022-02-21 22:48:42,957 - __main__ - WARNING - Player with id=396 not found
2022-02-21 22:48:43,111 - __main__ - WARNING - Player with id=397 not found
2022-02-21 22:48:43,259 - __main__ - WARNING - Player with id=398 not found
2022-02-21 22:48:43,384 - __main__ - WARNING - Player with id=399 not found
2022-02-21 22:48:43,512 - __main__ - WARNING - Player with id=400 not found
2022-02-21 22:48:43,638 - __main__ - WARNING - Player with id=401 not found
2022-02-21 22:48:43,763 - __main__ - WARNING - Player with id=402 not found
2022-02-21 22:48:43,887 - __main__ - WARNING - Player with id=403 not found
2022-02-21 22:48:44,043 - __main__ - WARNING - Player with id=404 not found
2022-02-21 22:48:44,172 - __main__ - WARNING - Player with id=405 not found
2022-02-21 22:48:44,323 - __main__ - WARNING - Player with id=406 not found
2022-02-21 22:48:44,467 - __main__ - WARNING - Player with id=407 not found
2022-02-21 22:48:44,614 - __main__ - WARNING - Player with id=408 not found
2022-02-21 22:48:44,760 - __main__ - WARNING - Player with id=409 not found
2022-02-21 22:48:44,907 - __main__ - WARNING - Player with id=410 not found
2022-02-21 22:48:45,050 - __main__ - WARNING - Player with id=411 not found
2022-02-21 22:48:45,197 - __main__ - WARNING - Player with id=412 not found
2022-02-21 22:48:45,341 - __main__ - WARNING - Player with id=413 not found
2022-02-21 22:48:45,471 - __main__ - WARNING - Player with id=414 not found
2022-02-21 22:48:45,621 - __main__ - INFO - Scraped player with id=415
2022-02-21 22:48:45,766 - __main__ - WARNING - Player with id=416 not found
2022-02-21 22:48:45,913 - __main__ - WARNING - Player with id=417 not found
2022-02-21 22:48:46,077 - __main__ - WARNING - Player with id=418 not found
2022-02-21 22:48:46,230 - __main__ - WARNING - Player with id=419 not found
2022-02-21 22:48:46,354 - __main__ - WARNING - Player with id=420 not found
2022-02-21 22:48:46,481 - __main__ - WARNING - Player with id=421 not found
2022-02-21 22:48:46,613 - __main__ - WARNING - Player with id=422 not found
2022-02-21 22:48:46,740 - __main__ - WARNING - Player with id=423 not found
2022-02-21 22:48:46,875 - __main__ - WARNING - Player with id=424 not found
2022-02-21 22:48:46,995 - __main__ - WARNING - Player with id=425 not found
2022-02-21 22:48:47,141 - __main__ - WARNING - Player with id=426 not found
2022-02-21 22:48:47,286 - __main__ - WARNING - Player with id=427 not found
2022-02-21 22:48:47,433 - __main__ - WARNING - Player with id=428 not found
2022-02-21 22:48:47,582 - __main__ - WARNING - Player with id=429 not found
2022-02-21 22:48:47,727 - __main__ - WARNING - Player with id=430 not found
2022-02-21 22:48:47,873 - __main__ - WARNING - Player with id=431 not found
2022-02-21 22:48:48,023 - __main__ - WARNING - Player with id=432 not found
2022-02-21 22:48:48,171 - __main__ - WARNING - Player with id=433 not found
2022-02-21 22:48:48,296 - __main__ - WARNING - Player with id=434 not found
2022-02-21 22:48:48,434 - __main__ - WARNING - Player with id=435 not found
2022-02-21 22:48:48,562 - __main__ - WARNING - Player with id=436 not found
2022-02-21 22:48:48,686 - __main__ - WARNING - Player with id=437 not found
2022-02-21 22:48:48,811 - __main__ - WARNING - Player with id=438 not found
2022-02-21 22:48:48,940 - __main__ - WARNING - Player with id=439 not found
2022-02-21 22:48:49,072 - __main__ - WARNING - Player with id=440 not found
2022-02-21 22:48:49,198 - __main__ - WARNING - Player with id=441 not found
2022-02-21 22:48:49,340 - __main__ - WARNING - Player with id=442 not found
2022-02-21 22:48:49,485 - __main__ - WARNING - Player with id=443 not found
2022-02-21 22:48:49,626 - __main__ - WARNING - Player with id=444 not found
2022-02-21 22:48:49,775 - __main__ - WARNING - Player with id=445 not found
2022-02-21 22:48:49,923 - __main__ - WARNING - Player with id=446 not found
2022-02-21 22:48:50,075 - __main__ - WARNING - Player with id=447 not found
2022-02-21 22:48:50,222 - __main__ - WARNING - Player with id=448 not found
2022-02-21 22:48:50,369 - __main__ - WARNING - Player with id=449 not found
2022-02-21 22:48:50,499 - __main__ - WARNING - Player with id=450 not found
2022-02-21 22:48:50,627 - __main__ - WARNING - Player with id=451 not found
2022-02-21 22:48:50,754 - __main__ - WARNING - Player with id=452 not found
2022-02-21 22:48:50,887 - __main__ - WARNING - Player with id=453 not found
2022-02-21 22:48:51,014 - __main__ - WARNING - Player with id=454 not found
2022-02-21 22:48:51,140 - __main__ - WARNING - Player with id=455 not found
2022-02-21 22:48:51,267 - __main__ - WARNING - Player with id=456 not found
2022-02-21 22:48:51,393 - __main__ - WARNING - Player with id=457 not found
2022-02-21 22:48:51,542 - __main__ - WARNING - Player with id=458 not found
2022-02-21 22:48:51,684 - __main__ - WARNING - Player with id=459 not found
2022-02-21 22:48:51,834 - __main__ - WARNING - Player with id=460 not found
2022-02-21 22:48:51,977 - __main__ - WARNING - Player with id=461 not found
2022-02-21 22:48:52,121 - __main__ - WARNING - Player with id=462 not found
2022-02-21 22:48:52,265 - __main__ - WARNING - Player with id=463 not found
2022-02-21 22:48:52,416 - __main__ - WARNING - Player with id=464 not found
2022-02-21 22:48:52,560 - __main__ - WARNING - Player with id=465 not found
2022-02-21 22:48:52,680 - __main__ - WARNING - Player with id=466 not found
2022-02-21 22:48:52,808 - __main__ - WARNING - Player with id=467 not found
2022-02-21 22:48:52,933 - __main__ - WARNING - Player with id=468 not found
2022-02-21 22:48:53,055 - __main__ - WARNING - Player with id=469 not found
2022-02-21 22:48:53,185 - __main__ - WARNING - Player with id=470 not found
2022-02-21 22:48:53,310 - __main__ - WARNING - Player with id=471 not found
2022-02-21 22:48:53,433 - __main__ - WARNING - Player with id=472 not found
2022-02-21 22:48:53,587 - __main__ - WARNING - Player with id=473 not found
2022-02-21 22:48:53,713 - __main__ - WARNING - Player with id=474 not found
2022-02-21 22:48:53,861 - __main__ - WARNING - Player with id=475 not found
2022-02-21 22:48:54,001 - __main__ - WARNING - Player with id=476 not found
2022-02-21 22:48:54,147 - __main__ - WARNING - Player with id=477 not found
2022-02-21 22:48:54,333 - __main__ - INFO - Scraped player with id=478
2022-02-21 22:48:54,458 - __main__ - WARNING - Player with id=479 not found
2022-02-21 22:48:54,578 - __main__ - WARNING - Player with id=480 not found
2022-02-21 22:48:54,697 - __main__ - WARNING - Player with id=481 not found
2022-02-21 22:48:54,831 - __main__ - WARNING - Player with id=482 not found
2022-02-21 22:48:54,978 - __main__ - WARNING - Player with id=483 not found
2022-02-21 22:48:55,125 - __main__ - WARNING - Player with id=484 not found
2022-02-21 22:48:55,282 - __main__ - WARNING - Player with id=485 not found
2022-02-21 22:48:55,427 - __main__ - WARNING - Player with id=486 not found
2022-02-21 22:48:55,570 - __main__ - WARNING - Player with id=487 not found
2022-02-21 22:48:55,713 - __main__ - WARNING - Player with id=488 not found
2022-02-21 22:48:55,861 - __main__ - WARNING - Player with id=489 not found
2022-02-21 22:48:56,006 - __main__ - WARNING - Player with id=490 not found
2022-02-21 22:48:56,128 - __main__ - WARNING - Player with id=491 not found
2022-02-21 22:48:56,251 - __main__ - WARNING - Player with id=492 not found
2022-02-21 22:48:56,378 - __main__ - WARNING - Player with id=493 not found
2022-02-21 22:48:56,509 - __main__ - WARNING - Player with id=494 not found
2022-02-21 22:48:56,642 - __main__ - WARNING - Player with id=495 not found
2022-02-21 22:48:56,769 - __main__ - WARNING - Player with id=496 not found
2022-02-21 22:48:56,895 - __main__ - WARNING - Player with id=497 not found
2022-02-21 22:48:57,040 - __main__ - WARNING - Player with id=498 not found
2022-02-21 22:48:57,184 - __main__ - WARNING - Player with id=499 not found
2022-02-21 22:48:57,326 - __main__ - WARNING - Player with id=500 not found
2022-02-21 22:48:57,469 - __main__ - WARNING - Player with id=501 not found
2022-02-21 22:48:57,615 - __main__ - WARNING - Player with id=502 not found
2022-02-21 22:48:57,762 - __main__ - WARNING - Player with id=503 not found
2022-02-21 22:48:57,917 - __main__ - WARNING - Player with id=504 not found
2022-02-21 22:48:58,061 - __main__ - WARNING - Player with id=505 not found
2022-02-21 22:48:58,186 - __main__ - WARNING - Player with id=506 not found
2022-02-21 22:48:58,314 - __main__ - WARNING - Player with id=507 not found
2022-02-21 22:48:58,442 - __main__ - WARNING - Player with id=508 not found
2022-02-21 22:48:58,565 - __main__ - WARNING - Player with id=509 not found
2022-02-21 22:48:58,690 - __main__ - WARNING - Player with id=510 not found
2022-02-21 22:48:58,813 - __main__ - WARNING - Player with id=511 not found
2022-02-21 22:48:58,935 - __main__ - WARNING - Player with id=512 not found
2022-02-21 22:48:59,080 - __main__ - WARNING - Player with id=513 not found
2022-02-21 22:48:59,226 - __main__ - WARNING - Player with id=514 not found
2022-02-21 22:48:59,372 - __main__ - WARNING - Player with id=515 not found
2022-02-21 22:48:59,517 - __main__ - WARNING - Player with id=516 not found
2022-02-21 22:48:59,657 - __main__ - WARNING - Player with id=517 not found
2022-02-21 22:48:59,798 - __main__ - WARNING - Player with id=518 not found
2022-02-21 22:48:59,945 - __main__ - WARNING - Player with id=519 not found
2022-02-21 22:49:00,094 - __main__ - WARNING - Player with id=520 not found
2022-02-21 22:49:00,221 - __main__ - WARNING - Player with id=521 not found
2022-02-21 22:49:00,360 - __main__ - WARNING - Player with id=522 not found
2022-02-21 22:49:00,483 - __main__ - WARNING - Player with id=523 not found
2022-02-21 22:49:00,611 - __main__ - WARNING - Player with id=524 not found
2022-02-21 22:49:00,735 - __main__ - WARNING - Player with id=525 not found
2022-02-21 22:49:00,864 - __main__ - WARNING - Player with id=526 not found
2022-02-21 22:49:01,015 - __main__ - WARNING - Player with id=527 not found
2022-02-21 22:49:01,163 - __main__ - WARNING - Player with id=528 not found
2022-02-21 22:49:01,314 - __main__ - WARNING - Player with id=529 not found
2022-02-21 22:49:01,459 - __main__ - WARNING - Player with id=530 not found
2022-02-21 22:49:01,605 - __main__ - WARNING - Player with id=531 not found
2022-02-21 22:49:01,746 - __main__ - WARNING - Player with id=532 not found
2022-02-21 22:49:01,890 - __main__ - WARNING - Player with id=533 not found
2022-02-21 22:49:02,022 - __main__ - WARNING - Player with id=534 not found
2022-02-21 22:49:02,140 - __main__ - WARNING - Player with id=535 not found
2022-02-21 22:49:02,266 - __main__ - WARNING - Player with id=536 not found
2022-02-21 22:49:02,443 - __main__ - INFO - Scraped player with id=537
2022-02-21 22:49:02,607 - __main__ - WARNING - Player with id=538 not found
2022-02-21 22:49:02,790 - __main__ - INFO - Scraped player with id=539
2022-02-21 22:49:02,967 - __main__ - INFO - Scraped player with id=540
2022-02-21 22:49:03,140 - __main__ - INFO - Scraped player with id=541
2022-02-21 22:49:03,265 - __main__ - WARNING - Player with id=542 not found
2022-02-21 22:49:03,390 - __main__ - WARNING - Player with id=543 not found
2022-02-21 22:49:03,558 - __main__ - INFO - Scraped player with id=544
2022-02-21 22:49:03,690 - __main__ - WARNING - Player with id=545 not found
2022-02-21 22:49:03,814 - __main__ - WARNING - Player with id=546 not found
2022-02-21 22:49:03,982 - __main__ - INFO - Scraped player with id=547
2022-02-21 22:49:04,114 - __main__ - WARNING - Player with id=548 not found
2022-02-21 22:49:04,252 - __main__ - WARNING - Player with id=549 not found
2022-02-21 22:49:04,398 - __main__ - WARNING - Player with id=550 not found
2022-02-21 22:49:04,540 - __main__ - WARNING - Player with id=551 not found
2022-02-21 22:49:04,685 - __main__ - WARNING - Player with id=552 not found
2022-02-21 22:49:04,864 - __main__ - INFO - Scraped player with id=553
2022-02-21 22:49:05,006 - __main__ - WARNING - Player with id=554 not found
2022-02-21 22:49:05,183 - __main__ - INFO - Scraped player with id=555
2022-02-21 22:49:05,312 - __main__ - WARNING - Player with id=556 not found
2022-02-21 22:49:05,472 - __main__ - INFO - Scraped player with id=557
2022-02-21 22:49:05,638 - __main__ - INFO - Scraped player with id=558
2022-02-21 22:49:05,793 - __main__ - INFO - Scraped player with id=559
2022-02-21 22:49:05,919 - __main__ - WARNING - Player with id=560 not found
2022-02-21 22:49:06,087 - __main__ - INFO - Scraped player with id=561
2022-02-21 22:49:06,214 - __main__ - WARNING - Player with id=562 not found
2022-02-21 22:49:06,340 - __main__ - WARNING - Player with id=563 not found
2022-02-21 22:49:06,518 - __main__ - INFO - Scraped player with id=564
2022-02-21 22:49:06,695 - __main__ - INFO - Scraped player with id=565
2022-02-21 22:49:06,867 - __main__ - INFO - Scraped player with id=566
2022-02-21 22:49:07,046 - __main__ - INFO - Scraped player with id=567
2022-02-21 22:49:07,227 - __main__ - INFO - Scraped player with id=568
2022-02-21 22:49:07,407 - __main__ - WARNING - Player with id=569 not found
2022-02-21 22:49:07,550 - __main__ - WARNING - Player with id=570 not found
2022-02-21 22:49:07,689 - __main__ - WARNING - Player with id=571 not found
2022-02-21 22:49:07,817 - __main__ - WARNING - Player with id=572 not found
2022-02-21 22:49:07,986 - __main__ - WARNING - Player with id=573 not found
2022-02-21 22:49:08,153 - __main__ - INFO - Scraped player with id=574
2022-02-21 22:49:08,285 - __main__ - WARNING - Player with id=575 not found
2022-02-21 22:49:08,513 - __main__ - INFO - Scraped player with id=576
2022-02-21 22:49:08,657 - __main__ - WARNING - Player with id=577 not found
2022-02-21 22:49:08,809 - __main__ - WARNING - Player with id=578 not found
2022-02-21 22:49:08,955 - __main__ - WARNING - Player with id=579 not found
2022-02-21 22:49:09,091 - __main__ - WARNING - Player with id=580 not found
2022-02-21 22:49:09,273 - __main__ - INFO - Scraped player with id=581
2022-02-21 22:49:09,439 - __main__ - WARNING - Player with id=582 not found
2022-02-21 22:49:09,598 - __main__ - WARNING - Player with id=583 not found
2022-02-21 22:49:09,762 - __main__ - WARNING - Player with id=584 not found
2022-02-21 22:49:09,923 - __main__ - WARNING - Player with id=585 not found
2022-02-21 22:49:10,086 - __main__ - WARNING - Player with id=586 not found
2022-02-21 22:49:10,259 - __main__ - WARNING - Player with id=587 not found
2022-02-21 22:49:10,427 - __main__ - WARNING - Player with id=588 not found
2022-02-21 22:49:10,609 - __main__ - WARNING - Player with id=589 not found
2022-02-21 22:49:10,764 - __main__ - WARNING - Player with id=590 not found
2022-02-21 22:49:10,913 - __main__ - WARNING - Player with id=591 not found
2022-02-21 22:49:11,069 - __main__ - WARNING - Player with id=592 not in LaLiga anymore
2022-02-21 22:49:11,243 - __main__ - INFO - Scraped player with id=593
2022-02-21 22:49:11,389 - __main__ - WARNING - Player with id=594 not found
2022-02-21 22:49:11,527 - __main__ - WARNING - Player with id=595 not found
2022-02-21 22:49:11,667 - __main__ - WARNING - Player with id=596 not found
2022-02-21 22:49:11,851 - __main__ - INFO - Scraped player with id=597
2022-02-21 22:49:12,012 - __main__ - WARNING - Player with id=598 not found
2022-02-21 22:49:12,179 - __main__ - WARNING - Player with id=599 not found
2022-02-21 22:49:12,348 - __main__ - WARNING - Player with id=600 not found
2022-02-21 22:49:12,545 - __main__ - INFO - Scraped player with id=601
2022-02-21 22:49:12,745 - __main__ - INFO - Scraped player with id=602
2022-02-21 22:49:12,907 - __main__ - WARNING - Player with id=603 not found
2022-02-21 22:49:13,072 - __main__ - WARNING - Player with id=604 not found
2022-02-21 22:49:13,225 - __main__ - WARNING - Player with id=605 not found
2022-02-21 22:49:13,404 - __main__ - INFO - Scraped player with id=606
2022-02-21 22:49:13,546 - __main__ - WARNING - Player with id=607 not found
2022-02-21 22:49:13,729 - __main__ - INFO - Scraped player with id=608
2022-02-21 22:49:13,914 - __main__ - INFO - Scraped player with id=609
2022-02-21 22:49:14,070 - __main__ - WARNING - Player with id=610 not found
2022-02-21 22:49:14,219 - __main__ - WARNING - Player with id=611 not found
2022-02-21 22:49:14,367 - __main__ - WARNING - Player with id=612 not found
2022-02-21 22:49:14,540 - __main__ - WARNING - Player with id=613 not found
2022-02-21 22:49:14,713 - __main__ - WARNING - Player with id=614 not found
2022-02-21 22:49:14,878 - __main__ - WARNING - Player with id=615 not found
2022-02-21 22:49:15,029 - __main__ - WARNING - Player with id=616 not found
2022-02-21 22:49:15,174 - __main__ - WARNING - Player with id=617 not found
2022-02-21 22:49:15,317 - __main__ - WARNING - Player with id=618 not found
2022-02-21 22:49:15,495 - __main__ - WARNING - Player with id=619 not found
2022-02-21 22:49:15,664 - __main__ - WARNING - Player with id=620 not found
2022-02-21 22:49:15,830 - __main__ - WARNING - Player with id=621 not found
2022-02-21 22:49:15,989 - __main__ - WARNING - Player with id=622 not found
2022-02-21 22:49:16,159 - __main__ - WARNING - Player with id=623 not found
2022-02-21 22:49:16,322 - __main__ - WARNING - Player with id=624 not found
2022-02-21 22:49:16,483 - __main__ - WARNING - Player with id=625 not found
2022-02-21 22:49:16,648 - __main__ - WARNING - Player with id=626 not found
2022-02-21 22:49:16,793 - __main__ - WARNING - Player with id=627 not found
2022-02-21 22:49:16,940 - __main__ - WARNING - Player with id=628 not found
2022-02-21 22:49:17,091 - __main__ - WARNING - Player with id=629 not found
2022-02-21 22:49:17,243 - __main__ - WARNING - Player with id=630 not found
2022-02-21 22:49:17,388 - __main__ - WARNING - Player with id=631 not found
2022-02-21 22:49:17,534 - __main__ - WARNING - Player with id=632 not found
2022-02-21 22:49:17,675 - __main__ - WARNING - Player with id=633 not found
2022-02-21 22:49:17,805 - __main__ - WARNING - Player with id=634 not found
2022-02-21 22:49:17,931 - __main__ - WARNING - Player with id=635 not found
2022-02-21 22:49:18,059 - __main__ - WARNING - Player with id=636 not found
2022-02-21 22:49:18,241 - __main__ - INFO - Scraped player with id=637
2022-02-21 22:49:18,383 - __main__ - WARNING - Player with id=638 not found
2022-02-21 22:49:18,525 - __main__ - WARNING - Player with id=639 not found
2022-02-21 22:49:18,660 - __main__ - WARNING - Player with id=640 not found
2022-02-21 22:49:18,804 - __main__ - WARNING - Player with id=641 not found
2022-02-21 22:49:18,979 - __main__ - INFO - Scraped player with id=642
2022-02-21 22:49:19,122 - __main__ - WARNING - Player with id=643 not found
2022-02-21 22:49:19,297 - __main__ - INFO - Scraped player with id=644
2022-02-21 22:49:19,433 - __main__ - INFO - Scraped player with id=645
2022-02-21 22:49:19,554 - __main__ - WARNING - Player with id=646 not found
2022-02-21 22:49:19,682 - __main__ - WARNING - Player with id=647 not found
2022-02-21 22:49:19,838 - __main__ - INFO - Scraped player with id=648
2022-02-21 22:49:20,024 - __main__ - INFO - Scraped player with id=649
2022-02-21 22:49:20,194 - __main__ - INFO - Scraped player with id=650
2022-02-21 22:49:20,345 - __main__ - INFO - Scraped player with id=651
2022-02-21 22:49:20,507 - __main__ - INFO - Scraped player with id=652
2022-02-21 22:49:20,690 - __main__ - INFO - Scraped player with id=653
2022-02-21 22:49:20,869 - __main__ - INFO - Scraped player with id=654
2022-02-21 22:49:21,047 - __main__ - INFO - Scraped player with id=655
2022-02-21 22:49:21,190 - __main__ - WARNING - Player with id=656 not found
2022-02-21 22:49:21,322 - __main__ - WARNING - Player with id=657 not found
2022-02-21 22:49:21,449 - __main__ - WARNING - Player with id=658 not found
2022-02-21 22:49:21,576 - __main__ - WARNING - Player with id=659 not found
2022-02-21 22:49:21,721 - __main__ - WARNING - Player with id=660 not found
2022-02-21 22:49:21,860 - __main__ - WARNING - Player with id=661 not found
2022-02-21 22:49:22,001 - __main__ - WARNING - Player with id=662 not found
2022-02-21 22:49:22,152 - __main__ - WARNING - Player with id=663 not in LaLiga anymore
2022-02-21 22:49:22,324 - __main__ - INFO - Scraped player with id=664
2022-02-21 22:49:22,502 - __main__ - INFO - Scraped player with id=665
2022-02-21 22:49:22,679 - __main__ - INFO - Scraped player with id=666
2022-02-21 22:49:22,820 - __main__ - WARNING - Player with id=667 not found
2022-02-21 22:49:22,955 - __main__ - WARNING - Player with id=668 not found
2022-02-21 22:49:23,112 - __main__ - INFO - Scraped player with id=669
2022-02-21 22:49:23,238 - __main__ - WARNING - Player with id=670 not found
2022-02-21 22:49:23,372 - __main__ - WARNING - Player with id=671 not found
2022-02-21 22:49:23,498 - __main__ - WARNING - Player with id=672 not found
2022-02-21 22:49:23,650 - __main__ - INFO - Scraped player with id=673
2022-02-21 22:49:23,800 - __main__ - INFO - Scraped player with id=674
2022-02-21 22:49:23,953 - __main__ - INFO - Scraped player with id=675
2022-02-21 22:49:24,128 - __main__ - WARNING - Player with id=676 not in LaLiga anymore
2022-02-21 22:49:24,278 - __main__ - WARNING - Player with id=677 not in LaLiga anymore
2022-02-21 22:49:24,425 - __main__ - WARNING - Player with id=678 not found
2022-02-21 22:49:24,597 - __main__ - INFO - Scraped player with id=679
2022-02-21 22:49:24,794 - __main__ - INFO - Scraped player with id=680
2022-02-21 22:49:24,977 - __main__ - INFO - Scraped player with id=681
2022-02-21 22:49:25,123 - __main__ - WARNING - Player with id=682 not found
2022-02-21 22:49:25,290 - __main__ - INFO - Scraped player with id=683
2022-02-21 22:49:25,441 - __main__ - WARNING - Player with id=684 not in LaLiga anymore
2022-02-21 22:49:25,570 - __main__ - WARNING - Player with id=685 not found
2022-02-21 22:49:25,705 - __main__ - WARNING - Player with id=686 not found
2022-02-21 22:49:25,848 - __main__ - INFO - Scraped player with id=687
2022-02-21 22:49:25,993 - __main__ - WARNING - Player with id=688 not found
2022-02-21 22:49:26,143 - __main__ - WARNING - Player with id=689 not found
2022-02-21 22:49:26,290 - __main__ - WARNING - Player with id=690 not found
2022-02-21 22:49:26,463 - __main__ - INFO - Scraped player with id=691
2022-02-21 22:49:26,606 - __main__ - WARNING - Player with id=692 not found
2022-02-21 22:49:26,755 - __main__ - WARNING - Player with id=693 not found
2022-02-21 22:49:26,898 - __main__ - WARNING - Player with id=694 not found
2022-02-21 22:49:27,044 - __main__ - WARNING - Player with id=695 not in LaLiga anymore
2022-02-21 22:49:27,174 - __main__ - WARNING - Player with id=696 not found
2022-02-21 22:49:27,299 - __main__ - WARNING - Player with id=697 not found
2022-02-21 22:49:27,429 - __main__ - WARNING - Player with id=698 not found
2022-02-21 22:49:27,556 - __main__ - WARNING - Player with id=699 not found
2022-02-21 22:49:27,727 - __main__ - INFO - Scraped player with id=700
2022-02-21 22:49:27,876 - __main__ - INFO - Scraped player with id=701
2022-02-21 22:49:28,002 - __main__ - WARNING - Player with id=702 not found
2022-02-21 22:49:28,150 - __main__ - WARNING - Player with id=703 not found
2022-02-21 22:49:28,337 - __main__ - INFO - Scraped player with id=704
2022-02-21 22:49:28,483 - __main__ - WARNING - Player with id=705 not found
2022-02-21 22:49:28,628 - __main__ - WARNING - Player with id=706 not found
2022-02-21 22:49:28,777 - __main__ - WARNING - Player with id=707 not found
2022-02-21 22:49:28,921 - __main__ - WARNING - Player with id=708 not found
2022-02-21 22:49:29,079 - __main__ - WARNING - Player with id=709 not found
2022-02-21 22:49:29,221 - __main__ - WARNING - Player with id=710 not found
2022-02-21 22:49:29,362 - __main__ - WARNING - Player with id=711 not in LaLiga anymore
2022-02-21 22:49:29,488 - __main__ - WARNING - Player with id=712 not found
2022-02-21 22:49:29,614 - __main__ - WARNING - Player with id=713 not found
2022-02-21 22:49:29,745 - __main__ - WARNING - Player with id=714 not found
2022-02-21 22:49:29,897 - __main__ - INFO - Scraped player with id=715
2022-02-21 22:49:30,046 - __main__ - WARNING - Player with id=716 not found
2022-02-21 22:49:30,195 - __main__ - WARNING - Player with id=717 not in LaLiga anymore
2022-02-21 22:49:30,378 - __main__ - INFO - Scraped player with id=718
2022-02-21 22:49:30,506 - __main__ - WARNING - Player with id=719 not found
2022-02-21 22:49:30,634 - __main__ - WARNING - Player with id=720 not found
2022-02-21 22:49:30,766 - __main__ - WARNING - Player with id=721 not found
2022-02-21 22:49:30,899 - __main__ - WARNING - Player with id=722 not found
2022-02-21 22:49:31,032 - __main__ - WARNING - Player with id=723 not found
2022-02-21 22:49:31,163 - __main__ - WARNING - Player with id=724 not found
2022-02-21 22:49:31,293 - __main__ - WARNING - Player with id=725 not found
2022-02-21 22:49:31,431 - __main__ - WARNING - Player with id=726 not found
2022-02-21 22:49:31,609 - __main__ - INFO - Scraped player with id=727
2022-02-21 22:49:31,791 - __main__ - INFO - Scraped player with id=728
2022-02-21 22:49:31,976 - __main__ - INFO - Scraped player with id=729
2022-02-21 22:49:32,131 - __main__ - WARNING - Player with id=730 not found
2022-02-21 22:49:32,309 - __main__ - WARNING - Player with id=731 not in LaLiga anymore
2022-02-21 22:49:32,467 - __main__ - INFO - Scraped player with id=732
2022-02-21 22:49:32,611 - __main__ - WARNING - Player with id=733 not found
2022-02-21 22:49:32,771 - __main__ - INFO - Scraped player with id=734
2022-02-21 22:49:32,899 - __main__ - WARNING - Player with id=735 not found
2022-02-21 22:49:33,061 - __main__ - INFO - Scraped player with id=736
2022-02-21 22:49:33,188 - __main__ - WARNING - Player with id=737 not found
2022-02-21 22:49:33,314 - __main__ - WARNING - Player with id=738 not found
2022-02-21 22:49:33,444 - __main__ - WARNING - Player with id=739 not found
2022-02-21 22:49:33,576 - __main__ - WARNING - Player with id=740 not found
2022-02-21 22:49:33,721 - __main__ - WARNING - Player with id=741 not found
2022-02-21 22:49:33,892 - __main__ - INFO - Scraped player with id=742
2022-02-21 22:49:34,075 - __main__ - INFO - Scraped player with id=743
2022-02-21 22:49:34,222 - __main__ - WARNING - Player with id=744 not found
2022-02-21 22:49:34,381 - __main__ - WARNING - Player with id=745 not found
2022-02-21 22:49:34,526 - __main__ - WARNING - Player with id=746 not found
2022-02-21 22:49:34,655 - __main__ - WARNING - Player with id=747 not found
2022-02-21 22:49:34,781 - __main__ - WARNING - Player with id=748 not found
2022-02-21 22:49:34,941 - __main__ - INFO - Scraped player with id=749
2022-02-21 22:49:35,072 - __main__ - INFO - Scraped player with id=750
2022-02-21 22:49:35,204 - __main__ - WARNING - Player with id=751 not in LaLiga anymore
2022-02-21 22:49:35,332 - __main__ - WARNING - Player with id=752 not found
2022-02-21 22:49:35,470 - __main__ - WARNING - Player with id=753 not found
2022-02-21 22:49:35,617 - __main__ - WARNING - Player with id=754 not found
2022-02-21 22:49:35,764 - __main__ - WARNING - Player with id=755 not found
2022-02-21 22:49:35,911 - __main__ - WARNING - Player with id=756 not found
2022-02-21 22:49:36,098 - __main__ - WARNING - Player with id=757 not in LaLiga anymore
2022-02-21 22:49:36,246 - __main__ - WARNING - Player with id=758 not found
2022-02-21 22:49:36,391 - __main__ - WARNING - Player with id=759 not found
2022-02-21 22:49:36,536 - __main__ - WARNING - Player with id=760 not found
2022-02-21 22:49:36,663 - __main__ - WARNING - Player with id=761 not found
2022-02-21 22:49:36,813 - __main__ - WARNING - Player with id=762 not found
2022-02-21 22:49:36,938 - __main__ - WARNING - Player with id=763 not found
2022-02-21 22:49:37,070 - __main__ - WARNING - Player with id=764 not found
2022-02-21 22:49:37,197 - __main__ - WARNING - Player with id=765 not found
2022-02-21 22:49:37,361 - __main__ - INFO - Scraped player with id=766
2022-02-21 22:49:37,489 - __main__ - WARNING - Player with id=767 not found
2022-02-21 22:49:37,668 - __main__ - INFO - Scraped player with id=768
2022-02-21 22:49:37,817 - __main__ - WARNING - Player with id=769 not found
2022-02-21 22:49:37,963 - __main__ - WARNING - Player with id=770 not found
2022-02-21 22:49:38,108 - __main__ - WARNING - Player with id=771 not found
2022-02-21 22:49:38,235 - __main__ - WARNING - Player with id=772 not found
2022-02-21 22:49:38,377 - __main__ - INFO - Scraped player with id=773
2022-02-21 22:49:38,504 - __main__ - WARNING - Player with id=774 not found
2022-02-21 22:49:38,682 - __main__ - INFO - Scraped player with id=775
2022-02-21 22:49:38,864 - __main__ - INFO - Scraped player with id=776
2022-02-21 22:49:39,011 - __main__ - WARNING - Player with id=777 not found
2022-02-21 22:49:39,159 - __main__ - WARNING - Player with id=778 not found
2022-02-21 22:49:39,306 - __main__ - WARNING - Player with id=779 not found
2022-02-21 22:49:39,454 - __main__ - WARNING - Player with id=780 not found
2022-02-21 22:49:39,601 - __main__ - WARNING - Player with id=781 not found
2022-02-21 22:49:39,728 - __main__ - WARNING - Player with id=782 not found
2022-02-21 22:49:39,893 - __main__ - INFO - Scraped player with id=783
2022-02-21 22:49:40,023 - __main__ - WARNING - Player with id=784 not found
2022-02-21 22:49:40,154 - __main__ - WARNING - Player with id=785 not found
2022-02-21 22:49:40,309 - __main__ - INFO - Scraped player with id=786
2022-02-21 22:49:40,434 - __main__ - WARNING - Player with id=787 not found
2022-02-21 22:49:40,583 - __main__ - WARNING - Player with id=788 not in LaLiga anymore
2022-02-21 22:49:40,738 - __main__ - INFO - Scraped player with id=789
2022-02-21 22:49:40,886 - __main__ - WARNING - Player with id=790 not found
2022-02-21 22:49:41,031 - __main__ - WARNING - Player with id=791 not found
2022-02-21 22:49:41,177 - __main__ - WARNING - Player with id=792 not found
2022-02-21 22:49:41,364 - __main__ - INFO - Scraped player with id=793
2022-02-21 22:49:41,566 - __main__ - INFO - Scraped player with id=794
2022-02-21 22:49:41,711 - __main__ - WARNING - Player with id=795 not found
2022-02-21 22:49:41,857 - __main__ - WARNING - Player with id=796 not found
2022-02-21 22:49:41,980 - __main__ - WARNING - Player with id=797 not found
2022-02-21 22:49:42,118 - __main__ - WARNING - Player with id=798 not found
2022-02-21 22:49:42,243 - __main__ - WARNING - Player with id=799 not found
2022-02-21 22:49:42,365 - __main__ - WARNING - Player with id=800 not found
2022-02-21 22:49:42,529 - __main__ - INFO - Scraped player with id=801
2022-02-21 22:49:42,656 - __main__ - WARNING - Player with id=802 not in LaLiga anymore
2022-02-21 22:49:42,781 - __main__ - WARNING - Player with id=803 not found
2022-02-21 22:49:42,946 - __main__ - INFO - Scraped player with id=804
2022-02-21 22:49:43,132 - __main__ - INFO - Scraped player with id=805
2022-02-21 22:49:43,299 - __main__ - WARNING - Player with id=806 not in LaLiga anymore
2022-02-21 22:49:43,468 - __main__ - INFO - Scraped player with id=807
2022-02-21 22:49:43,647 - __main__ - INFO - Scraped player with id=808
2022-02-21 22:49:43,842 - __main__ - INFO - Scraped player with id=809
2022-02-21 22:49:43,991 - __main__ - WARNING - Player with id=810 not in LaLiga anymore
2022-02-21 22:49:44,136 - __main__ - WARNING - Player with id=811 not found
2022-02-21 22:49:44,309 - __main__ - INFO - Scraped player with id=812
2022-02-21 22:49:44,472 - __main__ - INFO - Scraped player with id=813
2022-02-21 22:49:44,613 - __main__ - WARNING - Player with id=814 not in LaLiga anymore
2022-02-21 22:49:44,756 - __main__ - WARNING - Player with id=815 not in LaLiga anymore
2022-02-21 22:49:44,891 - __main__ - INFO - Scraped player with id=816
2022-02-21 22:49:45,052 - __main__ - INFO - Scraped player with id=817
2022-02-21 22:49:45,214 - __main__ - INFO - Scraped player with id=818
2022-02-21 22:49:45,345 - __main__ - WARNING - Player with id=819 not found
2022-02-21 22:49:45,472 - __main__ - WARNING - Player with id=820 not found
2022-02-21 22:49:45,621 - __main__ - WARNING - Player with id=821 not found
2022-02-21 22:49:45,801 - __main__ - INFO - Scraped player with id=822
2022-02-21 22:49:45,971 - __main__ - WARNING - Player with id=823 not found
2022-02-21 22:49:46,130 - __main__ - WARNING - Player with id=824 not found
2022-02-21 22:49:46,298 - __main__ - WARNING - Player with id=825 not found
2022-02-21 22:49:46,467 - __main__ - WARNING - Player with id=826 not found
2022-02-21 22:49:46,630 - __main__ - WARNING - Player with id=827 not found
2022-02-21 22:49:46,806 - __main__ - WARNING - Player with id=828 not found
2022-02-21 22:49:46,974 - __main__ - WARNING - Player with id=829 not found
2022-02-21 22:49:47,143 - __main__ - WARNING - Player with id=830 not found
2022-02-21 22:49:47,300 - __main__ - WARNING - Player with id=831 not found
2022-02-21 22:49:47,446 - __main__ - WARNING - Player with id=832 not found
2022-02-21 22:49:47,594 - __main__ - WARNING - Player with id=833 not found
2022-02-21 22:49:47,743 - __main__ - WARNING - Player with id=834 not found
2022-02-21 22:49:47,890 - __main__ - WARNING - Player with id=835 not found
2022-02-21 22:49:48,040 - __main__ - WARNING - Player with id=836 not found
2022-02-21 22:49:48,189 - __main__ - WARNING - Player with id=837 not found
2022-02-21 22:49:48,372 - __main__ - INFO - Scraped player with id=838
2022-02-21 22:49:48,539 - __main__ - WARNING - Player with id=839 not found
2022-02-21 22:49:48,706 - __main__ - WARNING - Player with id=840 not found
2022-02-21 22:49:48,887 - __main__ - WARNING - Player with id=841 not in LaLiga anymore
2022-02-21 22:49:49,101 - __main__ - INFO - Scraped player with id=842
2022-02-21 22:49:49,277 - __main__ - WARNING - Player with id=843 not in LaLiga anymore
2022-02-21 22:49:49,470 - __main__ - INFO - Scraped player with id=844
2022-02-21 22:49:49,670 - __main__ - INFO - Scraped player with id=845
2022-02-21 22:49:49,871 - __main__ - INFO - Scraped player with id=846
2022-02-21 22:49:50,021 - __main__ - WARNING - Player with id=847 not found
2022-02-21 22:49:50,172 - __main__ - WARNING - Player with id=848 not found
2022-02-21 22:49:50,318 - __main__ - WARNING - Player with id=849 not found
2022-02-21 22:49:50,495 - __main__ - INFO - Scraped player with id=850
2022-02-21 22:49:50,667 - __main__ - WARNING - Player with id=851 not in LaLiga anymore
2022-02-21 22:49:50,813 - __main__ - WARNING - Player with id=852 not found
2022-02-21 22:49:50,992 - __main__ - INFO - Scraped player with id=853
2022-02-21 22:49:51,141 - __main__ - WARNING - Player with id=854 not found
2022-02-21 22:49:51,319 - __main__ - INFO - Scraped player with id=855
2022-02-21 22:49:51,513 - __main__ - INFO - Scraped player with id=856
2022-02-21 22:49:51,689 - __main__ - WARNING - Player with id=857 not in LaLiga anymore
2022-02-21 22:49:51,859 - __main__ - WARNING - Player with id=858 not in LaLiga anymore
2022-02-21 22:49:52,041 - __main__ - INFO - Scraped player with id=859
2022-02-21 22:49:52,208 - __main__ - WARNING - Player with id=860 not found
2022-02-21 22:49:52,377 - __main__ - WARNING - Player with id=861 not found
2022-02-21 22:49:52,546 - __main__ - WARNING - Player with id=862 not found
2022-02-21 22:49:52,738 - __main__ - INFO - Scraped player with id=863
2022-02-21 22:49:52,919 - __main__ - INFO - Scraped player with id=864
2022-02-21 22:49:53,067 - __main__ - WARNING - Player with id=865 not found
2022-02-21 22:49:53,238 - __main__ - WARNING - Player with id=866 not found
2022-02-21 22:49:53,402 - __main__ - WARNING - Player with id=867 not found
2022-02-21 22:49:53,593 - __main__ - INFO - Scraped player with id=868
2022-02-21 22:49:53,744 - __main__ - WARNING - Player with id=869 not found
2022-02-21 22:49:53,901 - __main__ - WARNING - Player with id=870 not in LaLiga anymore
2022-02-21 22:49:54,050 - __main__ - WARNING - Player with id=871 not found
2022-02-21 22:49:54,190 - __main__ - WARNING - Player with id=872 not found
2022-02-21 22:49:54,378 - __main__ - INFO - Scraped player with id=873
2022-02-21 22:49:54,558 - __main__ - INFO - Scraped player with id=874
2022-02-21 22:49:54,776 - __main__ - INFO - Scraped player with id=875
2022-02-21 22:49:54,953 - __main__ - INFO - Scraped player with id=876
2022-02-21 22:49:55,155 - __main__ - INFO - Scraped player with id=877
2022-02-21 22:49:55,318 - __main__ - WARNING - Player with id=878 not found
2022-02-21 22:49:55,493 - __main__ - WARNING - Player with id=879 not found
2022-02-21 22:49:55,735 - __main__ - INFO - Scraped player with id=880
2022-02-21 22:49:55,923 - __main__ - INFO - Scraped player with id=881
2022-02-21 22:49:56,121 - __main__ - INFO - Scraped player with id=882
2022-02-21 22:49:56,303 - __main__ - WARNING - Player with id=883 not in LaLiga anymore
2022-02-21 22:49:56,473 - __main__ - WARNING - Player with id=884 not in LaLiga anymore
2022-02-21 22:49:56,656 - __main__ - INFO - Scraped player with id=885
2022-02-21 22:49:56,839 - __main__ - INFO - Scraped player with id=886
2022-02-21 22:49:57,023 - __main__ - INFO - Scraped player with id=887
2022-02-21 22:49:57,200 - __main__ - INFO - Scraped player with id=888
2022-02-21 22:49:57,378 - __main__ - INFO - Scraped player with id=889
2022-02-21 22:49:57,525 - __main__ - WARNING - Player with id=890 not found
2022-02-21 22:49:57,674 - __main__ - WARNING - Player with id=891 not found
2022-02-21 22:49:57,840 - __main__ - WARNING - Player with id=892 not found
2022-02-21 22:49:58,006 - __main__ - WARNING - Player with id=893 not found
2022-02-21 22:49:58,200 - __main__ - INFO - Scraped player with id=894
2022-02-21 22:49:58,411 - __main__ - INFO - Scraped player with id=895
2022-02-21 22:49:58,599 - __main__ - WARNING - Player with id=896 not in LaLiga anymore
2022-02-21 22:49:58,769 - __main__ - WARNING - Player with id=897 not in LaLiga anymore
2022-02-21 22:49:58,968 - __main__ - INFO - Scraped player with id=898
2022-02-21 22:49:59,135 - __main__ - WARNING - Player with id=899 not found
2022-02-21 22:49:59,285 - __main__ - WARNING - Player with id=900 not found
2022-02-21 22:49:59,436 - __main__ - WARNING - Player with id=901 not in LaLiga anymore
2022-02-21 22:49:59,588 - __main__ - WARNING - Player with id=902 not in LaLiga anymore
2022-02-21 22:49:59,733 - __main__ - WARNING - Player with id=903 not found
2022-02-21 22:49:59,903 - __main__ - WARNING - Player with id=904 not in LaLiga anymore
2022-02-21 22:50:00,088 - __main__ - INFO - Scraped player with id=905
2022-02-21 22:50:00,259 - __main__ - WARNING - Player with id=906 not found
2022-02-21 22:50:00,405 - __main__ - WARNING - Player with id=907 not found
2022-02-21 22:50:00,611 - __main__ - INFO - Scraped player with id=908
2022-02-21 22:50:00,768 - __main__ - WARNING - Player with id=909 not found
2022-02-21 22:50:00,967 - __main__ - INFO - Scraped player with id=910
2022-02-21 22:50:01,139 - __main__ - WARNING - Player with id=911 not found
2022-02-21 22:50:01,386 - __main__ - INFO - Scraped player with id=912
2022-02-21 22:50:01,598 - __main__ - INFO - Scraped player with id=913
2022-02-21 22:50:01,762 - __main__ - WARNING - Player with id=914 not found
2022-02-21 22:50:01,929 - __main__ - WARNING - Player with id=915 not found
2022-02-21 22:50:02,076 - __main__ - WARNING - Player with id=916 not found
2022-02-21 22:50:02,221 - __main__ - WARNING - Player with id=917 not found
2022-02-21 22:50:02,378 - __main__ - INFO - Scraped player with id=918
2022-02-21 22:50:02,566 - __main__ - INFO - Scraped player with id=919
2022-02-21 22:50:02,706 - __main__ - WARNING - Player with id=920 not found
2022-02-21 22:50:02,854 - __main__ - WARNING - Player with id=921 not found
2022-02-21 22:50:03,160 - __main__ - INFO - Scraped player with id=922
2022-02-21 22:50:03,359 - __main__ - INFO - Scraped player with id=923
2022-02-21 22:50:03,544 - __main__ - INFO - Scraped player with id=924
2022-02-21 22:50:03,707 - __main__ - WARNING - Player with id=925 not in LaLiga anymore
2022-02-21 22:50:03,861 - __main__ - WARNING - Player with id=926 not found
2022-02-21 22:50:04,039 - __main__ - INFO - Scraped player with id=927
2022-02-21 22:50:04,187 - __main__ - WARNING - Player with id=928 not in LaLiga anymore
2022-02-21 22:50:04,324 - __main__ - WARNING - Player with id=929 not found
2022-02-21 22:50:04,494 - __main__ - INFO - Scraped player with id=930
2022-02-21 22:50:04,651 - __main__ - WARNING - Player with id=931 not found
2022-02-21 22:50:04,814 - __main__ - WARNING - Player with id=932 not found
2022-02-21 22:50:04,967 - __main__ - WARNING - Player with id=933 not found
2022-02-21 22:50:05,124 - __main__ - WARNING - Player with id=934 not found
2022-02-21 22:50:05,279 - __main__ - WARNING - Player with id=935 not found
2022-02-21 22:50:05,441 - __main__ - WARNING - Player with id=936 not found
2022-02-21 22:50:05,606 - __main__ - WARNING - Player with id=937 not found
2022-02-21 22:50:05,780 - __main__ - INFO - Scraped player with id=938
2022-02-21 22:50:05,956 - __main__ - INFO - Scraped player with id=939
2022-02-21 22:50:06,107 - __main__ - WARNING - Player with id=940 not found
2022-02-21 22:50:06,267 - __main__ - WARNING - Player with id=941 not found
2022-02-21 22:50:06,441 - __main__ - INFO - Scraped player with id=942
2022-02-21 22:50:06,626 - __main__ - INFO - Scraped player with id=943
2022-02-21 22:50:06,801 - __main__ - INFO - Scraped player with id=944
2022-02-21 22:50:06,945 - __main__ - WARNING - Player with id=945 not found
2022-02-21 22:50:07,122 - __main__ - WARNING - Player with id=946 not found
2022-02-21 22:50:07,320 - __main__ - INFO - Scraped player with id=947
2022-02-21 22:50:07,492 - __main__ - WARNING - Player with id=948 not in LaLiga anymore
2022-02-21 22:50:07,778 - __main__ - WARNING - Player with id=949 not found
2022-02-21 22:50:07,948 - __main__ - WARNING - Player with id=950 not in LaLiga anymore
2022-02-21 22:50:08,151 - __main__ - INFO - Scraped player with id=951
2022-02-21 22:50:08,319 - __main__ - WARNING - Player with id=952 not in LaLiga anymore
2022-02-21 22:50:08,514 - __main__ - INFO - Scraped player with id=953
2022-02-21 22:50:08,679 - __main__ - WARNING - Player with id=954 not in LaLiga anymore
2022-02-21 22:50:08,857 - __main__ - INFO - Scraped player with id=955
2022-02-21 22:50:08,999 - __main__ - WARNING - Player with id=956 not found
2022-02-21 22:50:09,150 - __main__ - WARNING - Player with id=957 not found
2022-02-21 22:50:09,352 - __main__ - INFO - Scraped player with id=958
2022-02-21 22:50:09,510 - __main__ - WARNING - Player with id=959 not in LaLiga anymore
2022-02-21 22:50:09,656 - __main__ - WARNING - Player with id=960 not found
2022-02-21 22:50:09,803 - __main__ - WARNING - Player with id=961 not in LaLiga anymore
2022-02-21 22:50:09,976 - __main__ - WARNING - Player with id=962 not found
2022-02-21 22:50:10,143 - __main__ - WARNING - Player with id=963 not in LaLiga anymore
2022-02-21 22:50:10,311 - __main__ - WARNING - Player with id=964 not found
2022-02-21 22:50:10,480 - __main__ - WARNING - Player with id=965 not in LaLiga anymore
2022-02-21 22:50:10,650 - __main__ - WARNING - Player with id=966 not found
2022-02-21 22:50:10,814 - __main__ - WARNING - Player with id=967 not found
2022-02-21 22:50:11,001 - __main__ - WARNING - Player with id=968 not in LaLiga anymore
2022-02-21 22:50:11,204 - __main__ - INFO - Scraped player with id=969
2022-02-21 22:50:11,347 - __main__ - WARNING - Player with id=970 not found
2022-02-21 22:50:11,503 - __main__ - WARNING - Player with id=971 not found
2022-02-21 22:50:11,651 - __main__ - WARNING - Player with id=972 not found
2022-02-21 22:50:11,801 - __main__ - WARNING - Player with id=973 not in LaLiga anymore
2022-02-21 22:50:11,959 - __main__ - WARNING - Player with id=974 not in LaLiga anymore
2022-02-21 22:50:12,116 - __main__ - WARNING - Player with id=975 not in LaLiga anymore
2022-02-21 22:50:12,267 - __main__ - WARNING - Player with id=976 not in LaLiga anymore
2022-02-21 22:50:12,449 - __main__ - INFO - Scraped player with id=977
2022-02-21 22:50:12,657 - __main__ - INFO - Scraped player with id=978
2022-02-21 22:50:12,823 - __main__ - WARNING - Player with id=979 not found
2022-02-21 22:50:12,996 - __main__ - WARNING - Player with id=980 not in LaLiga anymore
2022-02-21 22:50:13,160 - __main__ - WARNING - Player with id=981 not found
2022-02-21 22:50:13,347 - __main__ - INFO - Scraped player with id=982
2022-02-21 22:50:13,512 - __main__ - WARNING - Player with id=983 not found
2022-02-21 22:50:13,679 - __main__ - WARNING - Player with id=984 not in LaLiga anymore
2022-02-21 22:50:13,841 - __main__ - WARNING - Player with id=985 not found
2022-02-21 22:50:14,138 - __main__ - INFO - Scraped player with id=986
2022-02-21 22:50:14,311 - __main__ - WARNING - Player with id=987 not in LaLiga anymore
2022-02-21 22:50:14,491 - __main__ - INFO - Scraped player with id=988
2022-02-21 22:50:14,645 - __main__ - WARNING - Player with id=989 not in LaLiga anymore
2022-02-21 22:50:14,821 - __main__ - WARNING - Player with id=990 not found
2022-02-21 22:50:15,024 - __main__ - INFO - Scraped player with id=991
2022-02-21 22:50:15,179 - __main__ - WARNING - Player with id=992 not found
2022-02-21 22:50:15,360 - __main__ - WARNING - Player with id=993 not in LaLiga anymore
2022-02-21 22:50:15,512 - __main__ - WARNING - Player with id=994 not found
2022-02-21 22:50:15,699 - __main__ - INFO - Scraped player with id=995
2022-02-21 22:50:15,879 - __main__ - INFO - Scraped player with id=996
2022-02-21 22:50:16,029 - __main__ - WARNING - Player with id=997 not found
2022-02-21 22:50:16,173 - __main__ - WARNING - Player with id=998 not found
